[2025-03-21 15:15:59] local.ERROR: There is no role named `Super Admin` for guard `web`. {"exception":"[object] (Spatie\\Permission\\Exceptions\\RoleDoesNotExist(code: 0): There is no role named `Super Admin` for guard `web`. at E:\\Coding\\Web-Bayar-SPP-Filament-BWA\\vendor\\spatie\\laravel-permission\\src\\Exceptions\\RoleDoesNotExist.php:11)
[stacktrace]
#0 E:\\Coding\\Web-Bayar-SPP-Filament-BWA\\vendor\\spatie\\laravel-permission\\src\\Models\\Role.php(105): Spatie\\Permission\\Exceptions\\RoleDoesNotExist::named('Super Admin', 'web')
#1 E:\\Coding\\Web-Bayar-SPP-Filament-BWA\\vendor\\spatie\\laravel-permission\\src\\Traits\\HasRoles.php(411): Spatie\\Permission\\Models\\Role::findByName('Super Admin', 'web')
#2 E:\\Coding\\Web-Bayar-SPP-Filament-BWA\\vendor\\spatie\\laravel-permission\\src\\Traits\\HasRoles.php(131): App\\Models\\User->getStoredRole('Super Admin')
#3 E:\\Coding\\Web-Bayar-SPP-Filament-BWA\\vendor\\laravel\\framework\\src\\Illuminate\\Collections\\Traits\\EnumeratesValues.php(822): App\\Models\\User->Spatie\\Permission\\Traits\\{closure}(Array, 'Super Admin', 0)
#4 E:\\Coding\\Web-Bayar-SPP-Filament-BWA\\vendor\\spatie\\laravel-permission\\src\\Traits\\HasRoles.php(126): Illuminate\\Support\\Collection->reduce(Object(Closure), Array)
#5 E:\\Coding\\Web-Bayar-SPP-Filament-BWA\\vendor\\spatie\\laravel-permission\\src\\Traits\\HasRoles.php(150): App\\Models\\User->collectRoles(Array)
#6 E:\\Coding\\Web-Bayar-SPP-Filament-BWA\\database\\seeders\\DatabaseSeeder.php(29): App\\Models\\User->assignRole('Super Admin')
#7 E:\\Coding\\Web-Bayar-SPP-Filament-BWA\\vendor\\laravel\\framework\\src\\Illuminate\\Container\\BoundMethod.php(36): Database\\Seeders\\DatabaseSeeder->run()
#8 E:\\Coding\\Web-Bayar-SPP-Filament-BWA\\vendor\\laravel\\framework\\src\\Illuminate\\Container\\Util.php(43): Illuminate\\Container\\BoundMethod::Illuminate\\Container\\{closure}()
#9 E:\\Coding\\Web-Bayar-SPP-Filament-BWA\\vendor\\laravel\\framework\\src\\Illuminate\\Container\\BoundMethod.php(95): Illuminate\\Container\\Util::unwrapIfClosure(Object(Closure))
#10 E:\\Coding\\Web-Bayar-SPP-Filament-BWA\\vendor\\laravel\\framework\\src\\Illuminate\\Container\\BoundMethod.php(35): Illuminate\\Container\\BoundMethod::callBoundMethod(Object(Illuminate\\Foundation\\Application), Array, Object(Closure))
#11 E:\\Coding\\Web-Bayar-SPP-Filament-BWA\\vendor\\laravel\\framework\\src\\Illuminate\\Container\\Container.php(696): Illuminate\\Container\\BoundMethod::call(Object(Illuminate\\Foundation\\Application), Array, Array, NULL)
#12 E:\\Coding\\Web-Bayar-SPP-Filament-BWA\\vendor\\laravel\\framework\\src\\Illuminate\\Database\\Seeder.php(188): Illuminate\\Container\\Container->call(Array, Array)
#13 E:\\Coding\\Web-Bayar-SPP-Filament-BWA\\vendor\\laravel\\framework\\src\\Illuminate\\Database\\Seeder.php(197): Illuminate\\Database\\Seeder->Illuminate\\Database\\{closure}()
#14 E:\\Coding\\Web-Bayar-SPP-Filament-BWA\\vendor\\laravel\\framework\\src\\Illuminate\\Database\\Console\\Seeds\\SeedCommand.php(70): Illuminate\\Database\\Seeder->__invoke()
#15 E:\\Coding\\Web-Bayar-SPP-Filament-BWA\\vendor\\laravel\\framework\\src\\Illuminate\\Database\\Eloquent\\Concerns\\GuardsAttributes.php(155): Illuminate\\Database\\Console\\Seeds\\SeedCommand->Illuminate\\Database\\Console\\Seeds\\{closure}()
#16 E:\\Coding\\Web-Bayar-SPP-Filament-BWA\\vendor\\laravel\\framework\\src\\Illuminate\\Database\\Console\\Seeds\\SeedCommand.php(69): Illuminate\\Database\\Eloquent\\Model::unguarded(Object(Closure))
#17 E:\\Coding\\Web-Bayar-SPP-Filament-BWA\\vendor\\laravel\\framework\\src\\Illuminate\\Container\\BoundMethod.php(36): Illuminate\\Database\\Console\\Seeds\\SeedCommand->handle()
#18 E:\\Coding\\Web-Bayar-SPP-Filament-BWA\\vendor\\laravel\\framework\\src\\Illuminate\\Container\\Util.php(43): Illuminate\\Container\\BoundMethod::Illuminate\\Container\\{closure}()
#19 E:\\Coding\\Web-Bayar-SPP-Filament-BWA\\vendor\\laravel\\framework\\src\\Illuminate\\Container\\BoundMethod.php(95): Illuminate\\Container\\Util::unwrapIfClosure(Object(Closure))
#20 E:\\Coding\\Web-Bayar-SPP-Filament-BWA\\vendor\\laravel\\framework\\src\\Illuminate\\Container\\BoundMethod.php(35): Illuminate\\Container\\BoundMethod::callBoundMethod(Object(Illuminate\\Foundation\\Application), Array, Object(Closure))
#21 E:\\Coding\\Web-Bayar-SPP-Filament-BWA\\vendor\\laravel\\framework\\src\\Illuminate\\Container\\Container.php(696): Illuminate\\Container\\BoundMethod::call(Object(Illuminate\\Foundation\\Application), Array, Array, NULL)
#22 E:\\Coding\\Web-Bayar-SPP-Filament-BWA\\vendor\\laravel\\framework\\src\\Illuminate\\Console\\Command.php(213): Illuminate\\Container\\Container->call(Array)
#23 E:\\Coding\\Web-Bayar-SPP-Filament-BWA\\vendor\\symfony\\console\\Command\\Command.php(279): Illuminate\\Console\\Command->execute(Object(Symfony\\Component\\Console\\Input\\ArrayInput), Object(Illuminate\\Console\\OutputStyle))
#24 E:\\Coding\\Web-Bayar-SPP-Filament-BWA\\vendor\\laravel\\framework\\src\\Illuminate\\Console\\Command.php(182): Symfony\\Component\\Console\\Command\\Command->run(Object(Symfony\\Component\\Console\\Input\\ArrayInput), Object(Illuminate\\Console\\OutputStyle))
#25 E:\\Coding\\Web-Bayar-SPP-Filament-BWA\\vendor\\laravel\\framework\\src\\Illuminate\\Console\\Concerns\\CallsCommands.php(68): Illuminate\\Console\\Command->run(Object(Symfony\\Component\\Console\\Input\\ArrayInput), Object(Illuminate\\Console\\OutputStyle))
#26 E:\\Coding\\Web-Bayar-SPP-Filament-BWA\\vendor\\laravel\\framework\\src\\Illuminate\\Console\\Concerns\\CallsCommands.php(29): Illuminate\\Console\\Command->runCommand('db:seed', Array, Object(Illuminate\\Console\\OutputStyle))
#27 E:\\Coding\\Web-Bayar-SPP-Filament-BWA\\vendor\\laravel\\framework\\src\\Illuminate\\Database\\Console\\Migrations\\FreshCommand.php(122): Illuminate\\Console\\Command->call('db:seed', Array)
#28 E:\\Coding\\Web-Bayar-SPP-Filament-BWA\\vendor\\laravel\\framework\\src\\Illuminate\\Database\\Console\\Migrations\\FreshCommand.php(98): Illuminate\\Database\\Console\\Migrations\\FreshCommand->runSeeder(NULL)
#29 E:\\Coding\\Web-Bayar-SPP-Filament-BWA\\vendor\\laravel\\framework\\src\\Illuminate\\Container\\BoundMethod.php(36): Illuminate\\Database\\Console\\Migrations\\FreshCommand->handle()
#30 E:\\Coding\\Web-Bayar-SPP-Filament-BWA\\vendor\\laravel\\framework\\src\\Illuminate\\Container\\Util.php(43): Illuminate\\Container\\BoundMethod::Illuminate\\Container\\{closure}()
#31 E:\\Coding\\Web-Bayar-SPP-Filament-BWA\\vendor\\laravel\\framework\\src\\Illuminate\\Container\\BoundMethod.php(95): Illuminate\\Container\\Util::unwrapIfClosure(Object(Closure))
#32 E:\\Coding\\Web-Bayar-SPP-Filament-BWA\\vendor\\laravel\\framework\\src\\Illuminate\\Container\\BoundMethod.php(35): Illuminate\\Container\\BoundMethod::callBoundMethod(Object(Illuminate\\Foundation\\Application), Array, Object(Closure))
#33 E:\\Coding\\Web-Bayar-SPP-Filament-BWA\\vendor\\laravel\\framework\\src\\Illuminate\\Container\\Container.php(696): Illuminate\\Container\\BoundMethod::call(Object(Illuminate\\Foundation\\Application), Array, Array, NULL)
#34 E:\\Coding\\Web-Bayar-SPP-Filament-BWA\\vendor\\laravel\\framework\\src\\Illuminate\\Console\\Command.php(213): Illuminate\\Container\\Container->call(Array)
#35 E:\\Coding\\Web-Bayar-SPP-Filament-BWA\\vendor\\symfony\\console\\Command\\Command.php(279): Illuminate\\Console\\Command->execute(Object(Symfony\\Component\\Console\\Input\\ArgvInput), Object(Illuminate\\Console\\OutputStyle))
#36 E:\\Coding\\Web-Bayar-SPP-Filament-BWA\\vendor\\laravel\\framework\\src\\Illuminate\\Console\\Command.php(182): Symfony\\Component\\Console\\Command\\Command->run(Object(Symfony\\Component\\Console\\Input\\ArgvInput), Object(Illuminate\\Console\\OutputStyle))
#37 E:\\Coding\\Web-Bayar-SPP-Filament-BWA\\vendor\\symfony\\console\\Application.php(1094): Illuminate\\Console\\Command->run(Object(Symfony\\Component\\Console\\Input\\ArgvInput), Object(Symfony\\Component\\Console\\Output\\ConsoleOutput))
#38 E:\\Coding\\Web-Bayar-SPP-Filament-BWA\\vendor\\symfony\\console\\Application.php(342): Symfony\\Component\\Console\\Application->doRunCommand(Object(Illuminate\\Database\\Console\\Migrations\\FreshCommand), Object(Symfony\\Component\\Console\\Input\\ArgvInput), Object(Symfony\\Component\\Console\\Output\\ConsoleOutput))
#39 E:\\Coding\\Web-Bayar-SPP-Filament-BWA\\vendor\\symfony\\console\\Application.php(193): Symfony\\Component\\Console\\Application->doRun(Object(Symfony\\Component\\Console\\Input\\ArgvInput), Object(Symfony\\Component\\Console\\Output\\ConsoleOutput))
#40 E:\\Coding\\Web-Bayar-SPP-Filament-BWA\\vendor\\laravel\\framework\\src\\Illuminate\\Foundation\\Console\\Kernel.php(198): Symfony\\Component\\Console\\Application->run(Object(Symfony\\Component\\Console\\Input\\ArgvInput), Object(Symfony\\Component\\Console\\Output\\ConsoleOutput))
#41 E:\\Coding\\Web-Bayar-SPP-Filament-BWA\\vendor\\laravel\\framework\\src\\Illuminate\\Foundation\\Application.php(1235): Illuminate\\Foundation\\Console\\Kernel->handle(Object(Symfony\\Component\\Console\\Input\\ArgvInput), Object(Symfony\\Component\\Console\\Output\\ConsoleOutput))
#42 E:\\Coding\\Web-Bayar-SPP-Filament-BWA\\artisan(13): Illuminate\\Foundation\\Application->handleCommand(Object(Symfony\\Component\\Console\\Input\\ArgvInput))
#43 {main}
"} 
[2025-03-21 15:32:48] local.ERROR: Method Filament\Forms\Components\FileUpload::loadingIndicator does not exist. {"userId":"35b48678-daf1-4ff6-a585-2e952485bb23","exception":"[object] (BadMethodCallException(code: 0): Method Filament\\Forms\\Components\\FileUpload::loadingIndicator does not exist. at E:\\Coding\\Web-Bayar-SPP-Filament-BWA\\vendor\\filament\\support\\src\\Concerns\\Macroable.php:72)
[stacktrace]
#0 E:\\Coding\\Web-Bayar-SPP-Filament-BWA\\app\\Filament\\Resources\\UserResource.php(48): Filament\\Support\\Components\\Component->__call('loadingIndicato...', Array)
#1 E:\\Coding\\Web-Bayar-SPP-Filament-BWA\\vendor\\filament\\filament\\src\\Resources\\Pages\\EditRecord.php(379): App\\Filament\\Resources\\UserResource::form(Object(Filament\\Forms\\Form))
#2 E:\\Coding\\Web-Bayar-SPP-Filament-BWA\\vendor\\filament\\forms\\src\\Concerns\\InteractsWithForms.php(331): Filament\\Resources\\Pages\\EditRecord->getForms()
#3 E:\\Coding\\Web-Bayar-SPP-Filament-BWA\\vendor\\filament\\forms\\src\\Concerns\\InteractsWithForms.php(402): Filament\\Pages\\BasePage->cacheForms()
#4 E:\\Coding\\Web-Bayar-SPP-Filament-BWA\\vendor\\filament\\forms\\src\\Concerns\\InteractsWithForms.php(393): Filament\\Pages\\BasePage->getCachedForms()
#5 E:\\Coding\\Web-Bayar-SPP-Filament-BWA\\vendor\\filament\\support\\src\\Concerns\\ResolvesDynamicLivewireProperties.php(27): Filament\\Pages\\BasePage->getForm('form')
#6 E:\\Coding\\Web-Bayar-SPP-Filament-BWA\\vendor\\filament\\filament\\src\\Resources\\Pages\\EditRecord.php(109): Filament\\Pages\\BasePage->__get('form')
#7 E:\\Coding\\Web-Bayar-SPP-Filament-BWA\\vendor\\filament\\filament\\src\\Resources\\Pages\\EditRecord.php(92): Filament\\Resources\\Pages\\EditRecord->fillFormWithDataAndCallHooks(Object(App\\Models\\User))
#8 E:\\Coding\\Web-Bayar-SPP-Filament-BWA\\vendor\\filament\\filament\\src\\Resources\\Pages\\EditRecord.php(79): Filament\\Resources\\Pages\\EditRecord->fillForm()
#9 E:\\Coding\\Web-Bayar-SPP-Filament-BWA\\vendor\\laravel\\framework\\src\\Illuminate\\Container\\BoundMethod.php(36): Filament\\Resources\\Pages\\EditRecord->mount('9e7c6166-8884-4...')
#10 E:\\Coding\\Web-Bayar-SPP-Filament-BWA\\vendor\\laravel\\framework\\src\\Illuminate\\Container\\Util.php(43): Illuminate\\Container\\BoundMethod::Illuminate\\Container\\{closure}()
#11 E:\\Coding\\Web-Bayar-SPP-Filament-BWA\\vendor\\laravel\\framework\\src\\Illuminate\\Container\\BoundMethod.php(95): Illuminate\\Container\\Util::unwrapIfClosure(Object(Closure))
#12 E:\\Coding\\Web-Bayar-SPP-Filament-BWA\\vendor\\laravel\\framework\\src\\Illuminate\\Container\\BoundMethod.php(35): Illuminate\\Container\\BoundMethod::callBoundMethod(Object(Illuminate\\Foundation\\Application), Array, Object(Closure))
#13 E:\\Coding\\Web-Bayar-SPP-Filament-BWA\\vendor\\livewire\\livewire\\src\\Wrapped.php(23): Illuminate\\Container\\BoundMethod::call(Object(Illuminate\\Foundation\\Application), Array, Array)
#14 E:\\Coding\\Web-Bayar-SPP-Filament-BWA\\vendor\\livewire\\livewire\\src\\Features\\SupportLifecycleHooks\\SupportLifecycleHooks.php(134): Livewire\\Wrapped->__call('mount', Array)
#15 E:\\Coding\\Web-Bayar-SPP-Filament-BWA\\vendor\\livewire\\livewire\\src\\Features\\SupportLifecycleHooks\\SupportLifecycleHooks.php(20): Livewire\\Features\\SupportLifecycleHooks\\SupportLifecycleHooks->callHook('mount', Array)
#16 E:\\Coding\\Web-Bayar-SPP-Filament-BWA\\vendor\\livewire\\livewire\\src\\ComponentHook.php(19): Livewire\\Features\\SupportLifecycleHooks\\SupportLifecycleHooks->mount(Array, false)
#17 E:\\Coding\\Web-Bayar-SPP-Filament-BWA\\vendor\\livewire\\livewire\\src\\ComponentHookRegistry.php(45): Livewire\\ComponentHook->callMount(Array, false)
#18 E:\\Coding\\Web-Bayar-SPP-Filament-BWA\\vendor\\livewire\\livewire\\src\\EventBus.php(60): Livewire\\ComponentHookRegistry::Livewire\\{closure}(Object(App\\Filament\\Resources\\UserResource\\Pages\\EditUser), Array, NULL, false)
#19 E:\\Coding\\Web-Bayar-SPP-Filament-BWA\\vendor\\livewire\\livewire\\src\\helpers.php(98): Livewire\\EventBus->trigger('mount', Object(App\\Filament\\Resources\\UserResource\\Pages\\EditUser), Array, NULL, false)
#20 E:\\Coding\\Web-Bayar-SPP-Filament-BWA\\vendor\\livewire\\livewire\\src\\Mechanisms\\HandleComponents\\HandleComponents.php(50): Livewire\\trigger('mount', Object(App\\Filament\\Resources\\UserResource\\Pages\\EditUser), Array, NULL, false)
#21 E:\\Coding\\Web-Bayar-SPP-Filament-BWA\\vendor\\livewire\\livewire\\src\\LivewireManager.php(73): Livewire\\Mechanisms\\HandleComponents\\HandleComponents->mount('App\\\\Filament\\\\Re...', Array, NULL)
#22 E:\\Coding\\Web-Bayar-SPP-Filament-BWA\\vendor\\livewire\\livewire\\src\\Features\\SupportPageComponents\\HandlesPageComponents.php(17): Livewire\\LivewireManager->mount('App\\\\Filament\\\\Re...', Array)
#23 E:\\Coding\\Web-Bayar-SPP-Filament-BWA\\vendor\\livewire\\livewire\\src\\Features\\SupportPageComponents\\SupportPageComponents.php(117): Livewire\\Component->Livewire\\Features\\SupportPageComponents\\{closure}()
#24 E:\\Coding\\Web-Bayar-SPP-Filament-BWA\\vendor\\livewire\\livewire\\src\\Features\\SupportPageComponents\\HandlesPageComponents.php(14): Livewire\\Features\\SupportPageComponents\\SupportPageComponents::interceptTheRenderOfTheComponentAndRetreiveTheLayoutConfiguration(Object(Closure))
#25 E:\\Coding\\Web-Bayar-SPP-Filament-BWA\\vendor\\laravel\\framework\\src\\Illuminate\\Routing\\ControllerDispatcher.php(47): Livewire\\Component->__invoke('9e7c6166-8884-4...')
#26 E:\\Coding\\Web-Bayar-SPP-Filament-BWA\\vendor\\laravel\\framework\\src\\Illuminate\\Routing\\Route.php(266): Illuminate\\Routing\\ControllerDispatcher->dispatch(Object(Illuminate\\Routing\\Route), Object(App\\Filament\\Resources\\UserResource\\Pages\\EditUser), '__invoke')
#27 E:\\Coding\\Web-Bayar-SPP-Filament-BWA\\vendor\\laravel\\framework\\src\\Illuminate\\Routing\\Route.php(212): Illuminate\\Routing\\Route->runController()
#28 E:\\Coding\\Web-Bayar-SPP-Filament-BWA\\vendor\\laravel\\framework\\src\\Illuminate\\Routing\\Router.php(808): Illuminate\\Routing\\Route->run()
#29 E:\\Coding\\Web-Bayar-SPP-Filament-BWA\\vendor\\laravel\\framework\\src\\Illuminate\\Pipeline\\Pipeline.php(170): Illuminate\\Routing\\Router->Illuminate\\Routing\\{closure}(Object(Illuminate\\Http\\Request))
#30 E:\\Coding\\Web-Bayar-SPP-Filament-BWA\\vendor\\filament\\filament\\src\\Http\\Middleware\\DispatchServingFilamentEvent.php(15): Illuminate\\Pipeline\\Pipeline->Illuminate\\Pipeline\\{closure}(Object(Illuminate\\Http\\Request))
#31 E:\\Coding\\Web-Bayar-SPP-Filament-BWA\\vendor\\laravel\\framework\\src\\Illuminate\\Pipeline\\Pipeline.php(209): Filament\\Http\\Middleware\\DispatchServingFilamentEvent->handle(Object(Illuminate\\Http\\Request), Object(Closure))
#32 E:\\Coding\\Web-Bayar-SPP-Filament-BWA\\vendor\\filament\\filament\\src\\Http\\Middleware\\DisableBladeIconComponents.php(14): Illuminate\\Pipeline\\Pipeline->Illuminate\\Pipeline\\{closure}(Object(Illuminate\\Http\\Request))
#33 E:\\Coding\\Web-Bayar-SPP-Filament-BWA\\vendor\\laravel\\framework\\src\\Illuminate\\Pipeline\\Pipeline.php(209): Filament\\Http\\Middleware\\DisableBladeIconComponents->handle(Object(Illuminate\\Http\\Request), Object(Closure))
#34 E:\\Coding\\Web-Bayar-SPP-Filament-BWA\\vendor\\laravel\\framework\\src\\Illuminate\\Routing\\Middleware\\SubstituteBindings.php(51): Illuminate\\Pipeline\\Pipeline->Illuminate\\Pipeline\\{closure}(Object(Illuminate\\Http\\Request))
#35 E:\\Coding\\Web-Bayar-SPP-Filament-BWA\\vendor\\laravel\\framework\\src\\Illuminate\\Pipeline\\Pipeline.php(209): Illuminate\\Routing\\Middleware\\SubstituteBindings->handle(Object(Illuminate\\Http\\Request), Object(Closure))
#36 E:\\Coding\\Web-Bayar-SPP-Filament-BWA\\vendor\\laravel\\framework\\src\\Illuminate\\Foundation\\Http\\Middleware\\VerifyCsrfToken.php(88): Illuminate\\Pipeline\\Pipeline->Illuminate\\Pipeline\\{closure}(Object(Illuminate\\Http\\Request))
#37 E:\\Coding\\Web-Bayar-SPP-Filament-BWA\\vendor\\laravel\\framework\\src\\Illuminate\\Pipeline\\Pipeline.php(209): Illuminate\\Foundation\\Http\\Middleware\\VerifyCsrfToken->handle(Object(Illuminate\\Http\\Request), Object(Closure))
#38 E:\\Coding\\Web-Bayar-SPP-Filament-BWA\\vendor\\laravel\\framework\\src\\Illuminate\\Session\\Middleware\\AuthenticateSession.php(67): Illuminate\\Pipeline\\Pipeline->Illuminate\\Pipeline\\{closure}(Object(Illuminate\\Http\\Request))
#39 E:\\Coding\\Web-Bayar-SPP-Filament-BWA\\vendor\\laravel\\framework\\src\\Illuminate\\Pipeline\\Pipeline.php(209): Illuminate\\Session\\Middleware\\AuthenticateSession->handle(Object(Illuminate\\Http\\Request), Object(Closure))
#40 E:\\Coding\\Web-Bayar-SPP-Filament-BWA\\vendor\\laravel\\framework\\src\\Illuminate\\Auth\\Middleware\\Authenticate.php(64): Illuminate\\Pipeline\\Pipeline->Illuminate\\Pipeline\\{closure}(Object(Illuminate\\Http\\Request))
#41 E:\\Coding\\Web-Bayar-SPP-Filament-BWA\\vendor\\laravel\\framework\\src\\Illuminate\\Pipeline\\Pipeline.php(209): Illuminate\\Auth\\Middleware\\Authenticate->handle(Object(Illuminate\\Http\\Request), Object(Closure))
#42 E:\\Coding\\Web-Bayar-SPP-Filament-BWA\\vendor\\laravel\\framework\\src\\Illuminate\\View\\Middleware\\ShareErrorsFromSession.php(49): Illuminate\\Pipeline\\Pipeline->Illuminate\\Pipeline\\{closure}(Object(Illuminate\\Http\\Request))
#43 E:\\Coding\\Web-Bayar-SPP-Filament-BWA\\vendor\\laravel\\framework\\src\\Illuminate\\Pipeline\\Pipeline.php(209): Illuminate\\View\\Middleware\\ShareErrorsFromSession->handle(Object(Illuminate\\Http\\Request), Object(Closure))
#44 E:\\Coding\\Web-Bayar-SPP-Filament-BWA\\vendor\\laravel\\framework\\src\\Illuminate\\Session\\Middleware\\StartSession.php(121): Illuminate\\Pipeline\\Pipeline->Illuminate\\Pipeline\\{closure}(Object(Illuminate\\Http\\Request))
#45 E:\\Coding\\Web-Bayar-SPP-Filament-BWA\\vendor\\laravel\\framework\\src\\Illuminate\\Session\\Middleware\\StartSession.php(64): Illuminate\\Session\\Middleware\\StartSession->handleStatefulRequest(Object(Illuminate\\Http\\Request), Object(Illuminate\\Session\\Store), Object(Closure))
#46 E:\\Coding\\Web-Bayar-SPP-Filament-BWA\\vendor\\laravel\\framework\\src\\Illuminate\\Pipeline\\Pipeline.php(209): Illuminate\\Session\\Middleware\\StartSession->handle(Object(Illuminate\\Http\\Request), Object(Closure))
#47 E:\\Coding\\Web-Bayar-SPP-Filament-BWA\\vendor\\laravel\\framework\\src\\Illuminate\\Cookie\\Middleware\\AddQueuedCookiesToResponse.php(37): Illuminate\\Pipeline\\Pipeline->Illuminate\\Pipeline\\{closure}(Object(Illuminate\\Http\\Request))
#48 E:\\Coding\\Web-Bayar-SPP-Filament-BWA\\vendor\\laravel\\framework\\src\\Illuminate\\Pipeline\\Pipeline.php(209): Illuminate\\Cookie\\Middleware\\AddQueuedCookiesToResponse->handle(Object(Illuminate\\Http\\Request), Object(Closure))
#49 E:\\Coding\\Web-Bayar-SPP-Filament-BWA\\vendor\\laravel\\framework\\src\\Illuminate\\Cookie\\Middleware\\EncryptCookies.php(75): Illuminate\\Pipeline\\Pipeline->Illuminate\\Pipeline\\{closure}(Object(Illuminate\\Http\\Request))
#50 E:\\Coding\\Web-Bayar-SPP-Filament-BWA\\vendor\\laravel\\framework\\src\\Illuminate\\Pipeline\\Pipeline.php(209): Illuminate\\Cookie\\Middleware\\EncryptCookies->handle(Object(Illuminate\\Http\\Request), Object(Closure))
#51 E:\\Coding\\Web-Bayar-SPP-Filament-BWA\\vendor\\filament\\filament\\src\\Http\\Middleware\\SetUpPanel.php(19): Illuminate\\Pipeline\\Pipeline->Illuminate\\Pipeline\\{closure}(Object(Illuminate\\Http\\Request))
#52 E:\\Coding\\Web-Bayar-SPP-Filament-BWA\\vendor\\laravel\\framework\\src\\Illuminate\\Pipeline\\Pipeline.php(209): Filament\\Http\\Middleware\\SetUpPanel->handle(Object(Illuminate\\Http\\Request), Object(Closure), Object(Filament\\Panel))
#53 E:\\Coding\\Web-Bayar-SPP-Filament-BWA\\vendor\\laravel\\framework\\src\\Illuminate\\Pipeline\\Pipeline.php(127): Illuminate\\Pipeline\\Pipeline->Illuminate\\Pipeline\\{closure}(Object(Illuminate\\Http\\Request))
#54 E:\\Coding\\Web-Bayar-SPP-Filament-BWA\\vendor\\laravel\\framework\\src\\Illuminate\\Routing\\Router.php(807): Illuminate\\Pipeline\\Pipeline->then(Object(Closure))
#55 E:\\Coding\\Web-Bayar-SPP-Filament-BWA\\vendor\\laravel\\framework\\src\\Illuminate\\Routing\\Router.php(786): Illuminate\\Routing\\Router->runRouteWithinStack(Object(Illuminate\\Routing\\Route), Object(Illuminate\\Http\\Request))
#56 E:\\Coding\\Web-Bayar-SPP-Filament-BWA\\vendor\\laravel\\framework\\src\\Illuminate\\Routing\\Router.php(750): Illuminate\\Routing\\Router->runRoute(Object(Illuminate\\Http\\Request), Object(Illuminate\\Routing\\Route))
#57 E:\\Coding\\Web-Bayar-SPP-Filament-BWA\\vendor\\laravel\\framework\\src\\Illuminate\\Routing\\Router.php(739): Illuminate\\Routing\\Router->dispatchToRoute(Object(Illuminate\\Http\\Request))
#58 E:\\Coding\\Web-Bayar-SPP-Filament-BWA\\vendor\\laravel\\framework\\src\\Illuminate\\Foundation\\Http\\Kernel.php(201): Illuminate\\Routing\\Router->dispatch(Object(Illuminate\\Http\\Request))
#59 E:\\Coding\\Web-Bayar-SPP-Filament-BWA\\vendor\\laravel\\framework\\src\\Illuminate\\Pipeline\\Pipeline.php(170): Illuminate\\Foundation\\Http\\Kernel->Illuminate\\Foundation\\Http\\{closure}(Object(Illuminate\\Http\\Request))
#60 E:\\Coding\\Web-Bayar-SPP-Filament-BWA\\vendor\\livewire\\livewire\\src\\Features\\SupportDisablingBackButtonCache\\DisableBackButtonCacheMiddleware.php(19): Illuminate\\Pipeline\\Pipeline->Illuminate\\Pipeline\\{closure}(Object(Illuminate\\Http\\Request))
#61 E:\\Coding\\Web-Bayar-SPP-Filament-BWA\\vendor\\laravel\\framework\\src\\Illuminate\\Pipeline\\Pipeline.php(209): Livewire\\Features\\SupportDisablingBackButtonCache\\DisableBackButtonCacheMiddleware->handle(Object(Illuminate\\Http\\Request), Object(Closure))
#62 E:\\Coding\\Web-Bayar-SPP-Filament-BWA\\vendor\\laravel\\framework\\src\\Illuminate\\Foundation\\Http\\Middleware\\TransformsRequest.php(21): Illuminate\\Pipeline\\Pipeline->Illuminate\\Pipeline\\{closure}(Object(Illuminate\\Http\\Request))
#63 E:\\Coding\\Web-Bayar-SPP-Filament-BWA\\vendor\\laravel\\framework\\src\\Illuminate\\Foundation\\Http\\Middleware\\ConvertEmptyStringsToNull.php(31): Illuminate\\Foundation\\Http\\Middleware\\TransformsRequest->handle(Object(Illuminate\\Http\\Request), Object(Closure))
#64 E:\\Coding\\Web-Bayar-SPP-Filament-BWA\\vendor\\laravel\\framework\\src\\Illuminate\\Pipeline\\Pipeline.php(209): Illuminate\\Foundation\\Http\\Middleware\\ConvertEmptyStringsToNull->handle(Object(Illuminate\\Http\\Request), Object(Closure))
#65 E:\\Coding\\Web-Bayar-SPP-Filament-BWA\\vendor\\laravel\\framework\\src\\Illuminate\\Foundation\\Http\\Middleware\\TransformsRequest.php(21): Illuminate\\Pipeline\\Pipeline->Illuminate\\Pipeline\\{closure}(Object(Illuminate\\Http\\Request))
#66 E:\\Coding\\Web-Bayar-SPP-Filament-BWA\\vendor\\laravel\\framework\\src\\Illuminate\\Foundation\\Http\\Middleware\\TrimStrings.php(51): Illuminate\\Foundation\\Http\\Middleware\\TransformsRequest->handle(Object(Illuminate\\Http\\Request), Object(Closure))
#67 E:\\Coding\\Web-Bayar-SPP-Filament-BWA\\vendor\\laravel\\framework\\src\\Illuminate\\Pipeline\\Pipeline.php(209): Illuminate\\Foundation\\Http\\Middleware\\TrimStrings->handle(Object(Illuminate\\Http\\Request), Object(Closure))
#68 E:\\Coding\\Web-Bayar-SPP-Filament-BWA\\vendor\\laravel\\framework\\src\\Illuminate\\Http\\Middleware\\ValidatePostSize.php(27): Illuminate\\Pipeline\\Pipeline->Illuminate\\Pipeline\\{closure}(Object(Illuminate\\Http\\Request))
#69 E:\\Coding\\Web-Bayar-SPP-Filament-BWA\\vendor\\laravel\\framework\\src\\Illuminate\\Pipeline\\Pipeline.php(209): Illuminate\\Http\\Middleware\\ValidatePostSize->handle(Object(Illuminate\\Http\\Request), Object(Closure))
#70 E:\\Coding\\Web-Bayar-SPP-Filament-BWA\\vendor\\laravel\\framework\\src\\Illuminate\\Foundation\\Http\\Middleware\\PreventRequestsDuringMaintenance.php(110): Illuminate\\Pipeline\\Pipeline->Illuminate\\Pipeline\\{closure}(Object(Illuminate\\Http\\Request))
#71 E:\\Coding\\Web-Bayar-SPP-Filament-BWA\\vendor\\laravel\\framework\\src\\Illuminate\\Pipeline\\Pipeline.php(209): Illuminate\\Foundation\\Http\\Middleware\\PreventRequestsDuringMaintenance->handle(Object(Illuminate\\Http\\Request), Object(Closure))
#72 E:\\Coding\\Web-Bayar-SPP-Filament-BWA\\vendor\\laravel\\framework\\src\\Illuminate\\Http\\Middleware\\HandleCors.php(49): Illuminate\\Pipeline\\Pipeline->Illuminate\\Pipeline\\{closure}(Object(Illuminate\\Http\\Request))
#73 E:\\Coding\\Web-Bayar-SPP-Filament-BWA\\vendor\\laravel\\framework\\src\\Illuminate\\Pipeline\\Pipeline.php(209): Illuminate\\Http\\Middleware\\HandleCors->handle(Object(Illuminate\\Http\\Request), Object(Closure))
#74 E:\\Coding\\Web-Bayar-SPP-Filament-BWA\\vendor\\laravel\\framework\\src\\Illuminate\\Http\\Middleware\\TrustProxies.php(58): Illuminate\\Pipeline\\Pipeline->Illuminate\\Pipeline\\{closure}(Object(Illuminate\\Http\\Request))
#75 E:\\Coding\\Web-Bayar-SPP-Filament-BWA\\vendor\\laravel\\framework\\src\\Illuminate\\Pipeline\\Pipeline.php(209): Illuminate\\Http\\Middleware\\TrustProxies->handle(Object(Illuminate\\Http\\Request), Object(Closure))
#76 E:\\Coding\\Web-Bayar-SPP-Filament-BWA\\vendor\\laravel\\framework\\src\\Illuminate\\Foundation\\Http\\Middleware\\InvokeDeferredCallbacks.php(22): Illuminate\\Pipeline\\Pipeline->Illuminate\\Pipeline\\{closure}(Object(Illuminate\\Http\\Request))
#77 E:\\Coding\\Web-Bayar-SPP-Filament-BWA\\vendor\\laravel\\framework\\src\\Illuminate\\Pipeline\\Pipeline.php(209): Illuminate\\Foundation\\Http\\Middleware\\InvokeDeferredCallbacks->handle(Object(Illuminate\\Http\\Request), Object(Closure))
#78 E:\\Coding\\Web-Bayar-SPP-Filament-BWA\\vendor\\laravel\\framework\\src\\Illuminate\\Pipeline\\Pipeline.php(127): Illuminate\\Pipeline\\Pipeline->Illuminate\\Pipeline\\{closure}(Object(Illuminate\\Http\\Request))
#79 E:\\Coding\\Web-Bayar-SPP-Filament-BWA\\vendor\\laravel\\framework\\src\\Illuminate\\Foundation\\Http\\Kernel.php(176): Illuminate\\Pipeline\\Pipeline->then(Object(Closure))
#80 E:\\Coding\\Web-Bayar-SPP-Filament-BWA\\vendor\\laravel\\framework\\src\\Illuminate\\Foundation\\Http\\Kernel.php(145): Illuminate\\Foundation\\Http\\Kernel->sendRequestThroughRouter(Object(Illuminate\\Http\\Request))
#81 E:\\Coding\\Web-Bayar-SPP-Filament-BWA\\vendor\\laravel\\framework\\src\\Illuminate\\Foundation\\Application.php(1220): Illuminate\\Foundation\\Http\\Kernel->handle(Object(Illuminate\\Http\\Request))
#82 E:\\Coding\\Web-Bayar-SPP-Filament-BWA\\public\\index.php(17): Illuminate\\Foundation\\Application->handleRequest(Object(Illuminate\\Http\\Request))
#83 E:\\Coding\\Web-Bayar-SPP-Filament-BWA\\vendor\\laravel\\framework\\src\\Illuminate\\Foundation\\resources\\server.php(23): require_once('E:\\\\Coding\\\\Web-B...')
#84 {main}
"} 
